<?xml version="1.0" encoding="UTF-8"?>
<!-- Generated by org.testng.reporters.JUnitReportReporter -->
<testsuite skipped="1" hostname="Home-PC" name="test.LoginTest" tests="2" failures="0" timestamp="2020-05-27T19:59:19 IST" time="17.382" errors="0">
  <testcase name="testLogin" time="17.382" classname="test.LoginTest"/>
  <system-out/>
  <testcase name="validateLoginTitle" classname="test.LoginTest">
    <skipped/>
  </testcase> <!-- validateLoginTitle -->
  <system-out/>
</testsuite> <!-- test.LoginTest -->
